TN:
SF:C:\Users\Vlad\Desktop\FL12_Webinar_HW15\src\polyfills.ts
FNF:0
FNH:0
LF:0
LH:0
BRF:0
BRH:0
end_of_record
TN:
SF:C:\Users\Vlad\Desktop\FL12_Webinar_HW15\src\test.ts
FNF:0
FNH:0
DA:18,1
DA:23,1
DA:25,1
LF:3
LH:3
BRF:0
BRH:0
end_of_record
TN:
SF:C:\Users\Vlad\Desktop\FL12_Webinar_HW15\src\app\app.component.ts
FN:18,(anonymous_0)
FN:20,(anonymous_1)
FN:29,(anonymous_3)
FN:34,(anonymous_4)
FNF:4
FNH:1
FNDA:1,(anonymous_0)
FNDA:0,(anonymous_1)
FNDA:0,(anonymous_3)
FNDA:0,(anonymous_4)
DA:11,1
DA:13,1
DA:16,1
DA:18,1
DA:21,0
DA:30,0
DA:31,0
DA:35,0
DA:36,0
LF:9
LH:4
BRF:0
BRH:0
end_of_record
TN:
SF:C:\Users\Vlad\Desktop\FL12_Webinar_HW15\src\app\credit-card-service\credit-card.service.ts
FN:19,(anonymous_0)
FN:31,(anonymous_1)
FN:69,(anonymous_2)
FN:82,(anonymous_3)
FN:96,(anonymous_4)
FN:102,(anonymous_5)
FN:107,(anonymous_6)
FN:108,(anonymous_7)
FN:112,(anonymous_8)
FN:144,(anonymous_9)
FNF:10
FNH:10
FNDA:10,(anonymous_0)
FNDA:8,(anonymous_1)
FNDA:3,(anonymous_2)
FNDA:4,(anonymous_3)
FNDA:7,(anonymous_4)
FNDA:4,(anonymous_5)
FNDA:8,(anonymous_6)
FNDA:41,(anonymous_7)
FNDA:6,(anonymous_8)
FNDA:24,(anonymous_9)
DA:9,1
DA:11,10
DA:20,10
DA:21,10
DA:32,8
DA:37,8
DA:38,8
DA:39,1
DA:40,1
DA:43,7
DA:44,1
DA:45,1
DA:48,6
DA:49,2
DA:50,2
DA:53,4
DA:54,1
DA:55,1
DA:58,3
DA:59,2
DA:60,2
DA:63,1
DA:64,1
DA:66,1
DA:70,3
DA:71,3
DA:73,3
DA:74,3
DA:75,1
DA:79,2
DA:83,4
DA:84,4
DA:86,4
DA:87,7
DA:88,7
DA:89,4
DA:93,0
DA:97,7
DA:98,7
DA:99,7
DA:103,4
DA:104,4
DA:108,8
DA:109,41
DA:113,6
DA:114,6
DA:115,6
DA:118,6
DA:120,90
DA:122,90
DA:123,7
DA:124,7
DA:127,90
DA:129,90
DA:130,45
DA:132,45
DA:136,6
DA:138,2
DA:141,4
DA:145,24
LF:60
LH:59
BRDA:38,0,0,1
BRDA:38,0,1,7
BRDA:43,1,0,1
BRDA:43,1,1,6
BRDA:48,2,0,2
BRDA:48,2,1,4
BRDA:48,3,0,6
BRDA:48,3,1,4
BRDA:53,4,0,1
BRDA:53,4,1,3
BRDA:58,5,0,2
BRDA:58,5,1,1
BRDA:74,6,0,1
BRDA:74,6,1,2
BRDA:88,7,0,4
BRDA:88,7,1,3
BRDA:99,8,0,6
BRDA:99,8,1,1
BRDA:122,9,0,7
BRDA:122,9,1,83
BRDA:129,10,0,45
BRDA:129,10,1,45
BRDA:136,11,0,2
BRDA:136,11,1,4
BRF:24
BRH:24
end_of_record
TN:
SF:C:\Users\Vlad\Desktop\FL12_Webinar_HW15\src\app\static-data\card-errors.ts
FNF:0
FNH:0
DA:1,1
LF:1
LH:1
BRF:0
BRH:0
end_of_record
TN:
SF:C:\Users\Vlad\Desktop\FL12_Webinar_HW15\src\app\static-data\card-list.ts
FNF:0
FNH:0
DA:3,1
LF:1
LH:1
BRF:0
BRH:0
end_of_record
